<?xml version="1.0" encoding="UTF-8"?>
<!-- Generated by org.testng.reporters.JUnitXMLReporter -->
<testsuite hostname="chouman" ignored="0" name="Default test" tests="2" failures="0" timestamp="2023-01-25T09:06:05 EST" time="3.732" errors="0">
  <testcase name="getHeaders" time="2.959" classname="RestAssured.RestAssuredCookiesHeadersQueryPathParameters"/>
  <testcase name="testLogs" time="0.699" classname="RestAssured.RestAssuredCookiesHeadersQueryPathParameters"/>
</testsuite> <!-- Default test -->
